B:\VS_PROJECTS\MISSION CONSOLE\DEBUG\MISSION CONSOLE.EXE
B:\VS_PROJECTS\MISSION CONSOLE\DEBUG\MISSION CONSOLE.ILK
B:\VS_PROJECTS\MISSION CONSOLE\DEBUG\MISSION CONSOLE.PDB
B:\vs_projects\Mission Console\Rover Dubugging\Debug\cl.command.1.tlog
B:\vs_projects\Mission Console\Rover Dubugging\Debug\CL.read.1.tlog
B:\vs_projects\Mission Console\Rover Dubugging\Debug\CL.write.1.tlog
B:\VS_PROJECTS\MISSION CONSOLE\ROVER DUBUGGING\DEBUG\COM PORT.OBJ
B:\VS_PROJECTS\MISSION CONSOLE\ROVER DUBUGGING\DEBUG\COMM_CONNECT.OBJ
B:\VS_PROJECTS\MISSION CONSOLE\ROVER DUBUGGING\DEBUG\IRDEBUGGER.OBJ
B:\vs_projects\Mission Console\Rover Dubugging\Debug\link.command.1.tlog
B:\vs_projects\Mission Console\Rover Dubugging\Debug\link.read.1.tlog
B:\vs_projects\Mission Console\Rover Dubugging\Debug\link.write.1.tlog
B:\vs_projects\Mission Console\Rover Dubugging\Debug\link-cvtres.read.1.tlog
B:\vs_projects\Mission Console\Rover Dubugging\Debug\link-cvtres.write.1.tlog
B:\VS_PROJECTS\MISSION CONSOLE\ROVER DUBUGGING\DEBUG\MISSION CONSOLE.EXE.EMBED.MANIFEST
B:\VS_PROJECTS\MISSION CONSOLE\ROVER DUBUGGING\DEBUG\MISSION CONSOLE.EXE.EMBED.MANIFEST.RES
B:\VS_PROJECTS\MISSION CONSOLE\ROVER DUBUGGING\DEBUG\MISSION CONSOLE.EXE.INTERMEDIATE.MANIFEST
B:\VS_PROJECTS\MISSION CONSOLE\ROVER DUBUGGING\DEBUG\MISSION CONSOLE.PCH
B:\vs_projects\Mission Console\Rover Dubugging\Debug\Mission Console_manifest.rc
B:\vs_projects\Mission Console\Rover Dubugging\Debug\mt.command.1.tlog
B:\vs_projects\Mission Console\Rover Dubugging\Debug\mt.read.1.tlog
B:\vs_projects\Mission Console\Rover Dubugging\Debug\mt.write.1.tlog
B:\vs_projects\Mission Console\Rover Dubugging\Debug\rc.command.1.tlog
B:\vs_projects\Mission Console\Rover Dubugging\Debug\rc.read.1.tlog
B:\vs_projects\Mission Console\Rover Dubugging\Debug\rc.write.1.tlog
B:\VS_PROJECTS\MISSION CONSOLE\ROVER DUBUGGING\DEBUG\ROVER DEBUGGING.OBJ
B:\VS_PROJECTS\MISSION CONSOLE\ROVER DUBUGGING\DEBUG\ROVER DEBUGGING.RES
B:\VS_PROJECTS\MISSION CONSOLE\ROVER DUBUGGING\DEBUG\ROVER DEBUGGINGDLG.OBJ
B:\VS_PROJECTS\MISSION CONSOLE\ROVER DUBUGGING\DEBUG\STDAFX.OBJ
B:\vs_projects\Mission Console\Rover Dubugging\Debug\vc100.idb
B:\VS_PROJECTS\MISSION CONSOLE\ROVER DUBUGGING\DEBUG\VC100.PDB
