B:\VS_PROJECTS\MISSIONCONSOLE\DEBUG\MISSION CONSOLE.EXE
B:\VS_PROJECTS\MISSIONCONSOLE\DEBUG\MISSION CONSOLE.ILK
B:\VS_PROJECTS\MISSIONCONSOLE\DEBUG\ROVER DEBUGGING.PDB
B:\vs_projects\MissionConsole\Rover Debugging\Debug\cl.command.1.tlog
B:\vs_projects\MissionConsole\Rover Debugging\Debug\CL.read.1.tlog
B:\vs_projects\MissionConsole\Rover Debugging\Debug\CL.write.1.tlog
B:\VS_PROJECTS\MISSIONCONSOLE\ROVER DEBUGGING\DEBUG\COM PORT.OBJ
B:\VS_PROJECTS\MISSIONCONSOLE\ROVER DEBUGGING\DEBUG\COMM_CONNECT.OBJ
B:\VS_PROJECTS\MISSIONCONSOLE\ROVER DEBUGGING\DEBUG\IRDEBUGGER.OBJ
B:\vs_projects\MissionConsole\Rover Debugging\Debug\link.command.1.tlog
B:\vs_projects\MissionConsole\Rover Debugging\Debug\link.read.1.tlog
B:\vs_projects\MissionConsole\Rover Debugging\Debug\link.write.1.tlog
B:\vs_projects\MissionConsole\Rover Debugging\Debug\link-cvtres.read.1.tlog
B:\vs_projects\MissionConsole\Rover Debugging\Debug\link-cvtres.write.1.tlog
B:\vs_projects\MissionConsole\Rover Debugging\Debug\mt.command.1.tlog
B:\vs_projects\MissionConsole\Rover Debugging\Debug\mt.read.1.tlog
B:\vs_projects\MissionConsole\Rover Debugging\Debug\mt.write.1.tlog
B:\vs_projects\MissionConsole\Rover Debugging\Debug\rc.command.1.tlog
B:\vs_projects\MissionConsole\Rover Debugging\Debug\rc.read.1.tlog
B:\vs_projects\MissionConsole\Rover Debugging\Debug\rc.write.1.tlog
B:\VS_PROJECTS\MISSIONCONSOLE\ROVER DEBUGGING\DEBUG\ROVER DEBUGGING.EXE.EMBED.MANIFEST
B:\VS_PROJECTS\MISSIONCONSOLE\ROVER DEBUGGING\DEBUG\ROVER DEBUGGING.EXE.EMBED.MANIFEST.RES
B:\VS_PROJECTS\MISSIONCONSOLE\ROVER DEBUGGING\DEBUG\ROVER DEBUGGING.EXE.INTERMEDIATE.MANIFEST
B:\VS_PROJECTS\MISSIONCONSOLE\ROVER DEBUGGING\DEBUG\ROVER DEBUGGING.OBJ
B:\VS_PROJECTS\MISSIONCONSOLE\ROVER DEBUGGING\DEBUG\ROVER DEBUGGING.PCH
B:\VS_PROJECTS\MISSIONCONSOLE\ROVER DEBUGGING\DEBUG\ROVER DEBUGGING.RES
B:\vs_projects\MissionConsole\Rover Debugging\Debug\Rover Debugging_manifest.rc
B:\VS_PROJECTS\MISSIONCONSOLE\ROVER DEBUGGING\DEBUG\ROVER DEBUGGINGDLG.OBJ
B:\VS_PROJECTS\MISSIONCONSOLE\ROVER DEBUGGING\DEBUG\STDAFX.OBJ
B:\vs_projects\MissionConsole\Rover Debugging\Debug\vc100.idb
B:\VS_PROJECTS\MISSIONCONSOLE\ROVER DEBUGGING\DEBUG\VC100.PDB
